<?xml version="1.0" encoding="UTF-8"?>
<!-- Generated by org.testng.reporters.JUnitReportReporter -->
<testsuite hostname="LAPTOP-6AJUMCDK" failures="0" tests="2" name="tests.LoginTest" time="36.080" errors="0" timestamp="2022-11-25T12:10:16 IST" skipped="0">
  <testcase classname="tests.LoginTest" name="login" time="16.751"/>
  <system-out/>
  <testcase classname="tests.LoginTest" name="login" time="19.329"/>
  <system-out/>
</testsuite> <!-- tests.LoginTest -->
