<?xml version="1.0" encoding="UTF-8"?>
<!-- Generated by org.testng.reporters.JUnitReportReporter -->
<testsuite hostname="LAPTOP-6AJUMCDK" failures="0" tests="1" name="tests.ThreeTest" time="0.014" errors="0" timestamp="2022-11-25T12:10:16 IST" skipped="0">
  <testcase classname="tests.ThreeTest" name="threeTest" time="0.014"/>
  <system-out/>
</testsuite> <!-- tests.ThreeTest -->
