<?xml version="1.0" encoding="UTF-8"?>
<!-- Generated by org.testng.reporters.JUnitReportReporter -->
<testsuite hostname="LAPTOP-6AJUMCDK" failures="0" tests="1" name="tests.RegisterTest" time="8.682" errors="0" timestamp="2022-11-25T12:10:16 IST" skipped="0">
  <testcase classname="tests.RegisterTest" name="register" time="8.682"/>
  <system-out/>
</testsuite> <!-- tests.RegisterTest -->
